# JRE version: OpenJDK Runtime Environment (11.0.11+9) (build 11.0.11+9-Ubuntu-0ubuntu2.20.04)
# Java VM: OpenJDK 64-Bit Server VM (11.0.11+9-Ubuntu-0ubuntu2.20.04, mixed mode, sharing, tiered, compressed oops, parallel gc, linux-amd64)
Heap:
 PSYoungGen      total 7168K, used 6894K [0x00000000eab00000, 0x00000000eb500000, 0x0000000100000000)
  eden space 5120K, 96% used [0x00000000eab00000,0x00000000eafcfc20,0x00000000eb000000)
  from space 2048K, 96% used [0x00000000eb300000,0x00000000eb4ebc60,0x00000000eb500000)
  to   space 2560K, 0% used [0x00000000eb000000,0x00000000eb000000,0x00000000eb280000)
 ParOldGen       total 84480K, used 59670K [0x00000000c0000000, 0x00000000c5280000, 0x00000000eab00000)
  object space 84480K, 70% used [0x00000000c0000000,0x00000000c3a45b30,0x00000000c5280000)
 Metaspace       used 60500K, capacity 63756K, committed 64088K, reserved 1105920K
  class space    used 5941K, capacity 7186K, committed 7296K, reserved 1048576K
GC Heap History (20 events):
Event: 723,858 GC heap before
{Heap before GC invocations=181 (full 10):
 PSYoungGen      total 4608K, used 4192K [0x00000000eab00000, 0x00000000eb280000, 0x0000000100000000)
  eden space 4096K, 100% used [0x00000000eab00000,0x00000000eaf00000,0x00000000eaf00000)
  from space 512K, 18% used [0x00000000eb200000,0x00000000eb218000,0x00000000eb280000)
  to   space 512K, 0% used [0x00000000eb180000,0x00000000eb180000,0x00000000eb200000)
 ParOldGen       total 92160K, used 70089K [0x00000000c0000000, 0x00000000c5a00000, 0x00000000eab00000)
  object space 92160K, 76% used [0x00000000c0000000,0x00000000c4472440,0x00000000c5a00000)
 Metaspace       used 60403K, capacity 63690K, committed 64088K, reserved 1105920K
  class space    used 5941K, capacity 7186K, committed 7296K, reserved 1048576K
}
Event: 723,863 GC heap after
{Heap after GC invocations=181 (full 10):
 PSYoungGen      total 4608K, used 509K [0x00000000eab00000, 0x00000000eb800000, 0x0000000100000000)
  eden space 4096K, 0% used [0x00000000eab00000,0x00000000eab00000,0x00000000eaf00000)
  from space 512K, 99% used [0x00000000eb180000,0x00000000eb1ff778,0x00000000eb200000)
  to   space 4608K, 0% used [0x00000000eb380000,0x00000000eb380000,0x00000000eb800000)
 ParOldGen       total 92160K, used 73097K [0x00000000c0000000, 0x00000000c5a00000, 0x00000000eab00000)
  object space 92160K, 79% used [0x00000000c0000000,0x00000000c47624b8,0x00000000c5a00000)
 Metaspace       used 60403K, capacity 63690K, committed 64088K, reserved 1105920K
  class space    used 5941K, capacity 7186K, committed 7296K, reserved 1048576K
}
Event: 723,887 GC heap before
{Heap before GC invocations=182 (full 10):
 PSYoungGen      total 4608K, used 4605K [0x00000000eab00000, 0x00000000eb800000, 0x0000000100000000)
  eden space 4096K, 100% used [0x00000000eab00000,0x00000000eaf00000,0x00000000eaf00000)
  from space 512K, 99% used [0x00000000eb180000,0x00000000eb1ff778,0x00000000eb200000)
  to   space 4608K, 0% used [0x00000000eb380000,0x00000000eb380000,0x00000000eb800000)
 ParOldGen       total 92160K, used 73097K [0x00000000c0000000, 0x00000000c5a00000, 0x00000000eab00000)
  object space 92160K, 79% used [0x00000000c0000000,0x00000000c47624b8,0x00000000c5a00000)
 Metaspace       used 60403K, capacity 63690K, committed 64088K, reserved 1105920K
  class space    used 5941K, capacity 7186K, committed 7296K, reserved 1048576K
}
Event: 723,895 GC heap after
{Heap after GC invocations=182 (full 10):
 PSYoungGen      total 8704K, used 4160K [0x00000000eab00000, 0x00000000eb800000, 0x0000000100000000)
  eden space 4096K, 0% used [0x00000000eab00000,0x00000000eab00000,0x00000000eaf00000)
  from space 4608K, 90% used [0x00000000eb380000,0x00000000eb790000,0x00000000eb800000)
  to   space 4608K, 0% used [0x00000000eaf00000,0x00000000eaf00000,0x00000000eb380000)
 ParOldGen       total 92160K, used 73617K [0x00000000c0000000, 0x00000000c5a00000, 0x00000000eab00000)
  object space 92160K, 79% used [0x00000000c0000000,0x00000000c47e4530,0x00000000c5a00000)
 Metaspace       used 60403K, capacity 63690K, committed 64088K, reserved 1105920K
  class space    used 5941K, capacity 7186K, committed 7296K, reserved 1048576K
}
Event: 723,924 GC heap before
{Heap before GC invocations=183 (full 10):
 PSYoungGen      total 8704K, used 8256K [0x00000000eab00000, 0x00000000eb800000, 0x0000000100000000)
  eden space 4096K, 100% used [0x00000000eab00000,0x00000000eaf00000,0x00000000eaf00000)
  from space 4608K, 90% used [0x00000000eb380000,0x00000000eb790000,0x00000000eb800000)
  to   space 4608K, 0% used [0x00000000eaf00000,0x00000000eaf00000,0x00000000eb380000)
 ParOldGen       total 92160K, used 73617K [0x00000000c0000000, 0x00000000c5a00000, 0x00000000eab00000)
  object space 92160K, 79% used [0x00000000c0000000,0x00000000c47e4530,0x00000000c5a00000)
 Metaspace       used 60414K, capacity 63690K, committed 64088K, reserved 1105920K
  class space    used 5941K, capacity 7186K, committed 7296K, reserved 1048576K
}
Event: 723,932 GC heap after
{Heap after GC invocations=183 (full 10):
 PSYoungGen      total 8704K, used 2452K [0x00000000eab00000, 0x00000000eb700000, 0x0000000100000000)
  eden space 4096K, 0% used [0x00000000eab00000,0x00000000eab00000,0x00000000eaf00000)
  from space 4608K, 53% used [0x00000000eaf00000,0x00000000eb165200,0x00000000eb380000)
  to   space 3584K, 0% used [0x00000000eb380000,0x00000000eb380000,0x00000000eb700000)
 ParOldGen       total 92160K, used 77705K [0x00000000c0000000, 0x00000000c5a00000, 0x00000000eab00000)
  object space 92160K, 84% used [0x00000000c0000000,0x00000000c4be2530,0x00000000c5a00000)
 Metaspace       used 60414K, capacity 63690K, committed 64088K, reserved 1105920K
  class space    used 5941K, capacity 7186K, committed 7296K, reserved 1048576K
}
Event: 813,325 GC heap before
{Heap before GC invocations=184 (full 10):
 PSYoungGen      total 8704K, used 6548K [0x00000000eab00000, 0x00000000eb700000, 0x0000000100000000)
  eden space 4096K, 100% used [0x00000000eab00000,0x00000000eaf00000,0x00000000eaf00000)
  from space 4608K, 53% used [0x00000000eaf00000,0x00000000eb165200,0x00000000eb380000)
  to   space 3584K, 0% used [0x00000000eb380000,0x00000000eb380000,0x00000000eb700000)
 ParOldGen       total 92160K, used 77705K [0x00000000c0000000, 0x00000000c5a00000, 0x00000000eab00000)
  object space 92160K, 84% used [0x00000000c0000000,0x00000000c4be2530,0x00000000c5a00000)
 Metaspace       used 60438K, capacity 63754K, committed 64088K, reserved 1105920K
  class space    used 5941K, capacity 7186K, committed 7296K, reserved 1048576K
}
Event: 813,330 GC heap after
{Heap after GC invocations=184 (full 10):
 PSYoungGen      total 5632K, used 1232K [0x00000000eab00000, 0x00000000eb500000, 0x0000000100000000)
  eden space 4096K, 0% used [0x00000000eab00000,0x00000000eab00000,0x00000000eaf00000)
  from space 1536K, 80% used [0x00000000eb380000,0x00000000eb4b40f0,0x00000000eb500000)
  to   space 2048K, 0% used [0x00000000eb100000,0x00000000eb100000,0x00000000eb300000)
 ParOldGen       total 92160K, used 80090K [0x00000000c0000000, 0x00000000c5a00000, 0x00000000eab00000)
  object space 92160K, 86% used [0x00000000c0000000,0x00000000c4e36950,0x00000000c5a00000)
 Metaspace       used 60438K, capacity 63754K, committed 64088K, reserved 1105920K
  class space    used 5941K, capacity 7186K, committed 7296K, reserved 1048576K
}
Event: 813,353 GC heap before
{Heap before GC invocations=185 (full 10):
 PSYoungGen      total 5632K, used 5328K [0x00000000eab00000, 0x00000000eb500000, 0x0000000100000000)
  eden space 4096K, 99% used [0x00000000eab00000,0x00000000eaefff58,0x00000000eaf00000)
  from space 1536K, 80% used [0x00000000eb380000,0x00000000eb4b40f0,0x00000000eb500000)
  to   space 2048K, 0% used [0x00000000eb100000,0x00000000eb100000,0x00000000eb300000)
 ParOldGen       total 92160K, used 80090K [0x00000000c0000000, 0x00000000c5a00000, 0x00000000eab00000)
  object space 92160K, 86% used [0x00000000c0000000,0x00000000c4e36950,0x00000000c5a00000)
 Metaspace       used 60438K, capacity 63754K, committed 64088K, reserved 1105920K
  class space    used 5941K, capacity 7186K, committed 7296K, reserved 1048576K
}
Event: 813,360 GC heap after
{Heap after GC invocations=185 (full 10):
 PSYoungGen      total 6144K, used 2048K [0x00000000eab00000, 0x00000000ebb00000, 0x0000000100000000)
  eden space 4096K, 0% used [0x00000000eab00000,0x00000000eab00000,0x00000000eaf00000)
  from space 2048K, 100% used [0x00000000eb100000,0x00000000eb300000,0x00000000eb300000)
  to   space 6144K, 0% used [0x00000000eb500000,0x00000000eb500000,0x00000000ebb00000)
 ParOldGen       total 92160K, used 83250K [0x00000000c0000000, 0x00000000c5a00000, 0x00000000eab00000)
  object space 92160K, 90% used [0x00000000c0000000,0x00000000c514ca40,0x00000000c5a00000)
 Metaspace       used 60438K, capacity 63754K, committed 64088K, reserved 1105920K
  class space    used 5941K, capacity 7186K, committed 7296K, reserved 1048576K
}
Event: 813,379 GC heap before
{Heap before GC invocations=186 (full 10):
 PSYoungGen      total 6144K, used 6144K [0x00000000eab00000, 0x00000000ebb00000, 0x0000000100000000)
  eden space 4096K, 100% used [0x00000000eab00000,0x00000000eaf00000,0x00000000eaf00000)
  from space 2048K, 100% used [0x00000000eb100000,0x00000000eb300000,0x00000000eb300000)
  to   space 6144K, 0% used [0x00000000eb500000,0x00000000eb500000,0x00000000ebb00000)
 ParOldGen       total 92160K, used 83250K [0x00000000c0000000, 0x00000000c5a00000, 0x00000000eab00000)
  object space 92160K, 90% used [0x00000000c0000000,0x00000000c514ca40,0x00000000c5a00000)
 Metaspace       used 60438K, capacity 63754K, committed 64088K, reserved 1105920K
  class space    used 5941K, capacity 7186K, committed 7296K, reserved 1048576K
}
Event: 813,390 GC heap after
{Heap after GC invocations=186 (full 10):
 PSYoungGen      total 9216K, used 4096K [0x00000000eab00000, 0x00000000eb900000, 0x0000000100000000)
  eden space 5120K, 0% used [0x00000000eab00000,0x00000000eab00000,0x00000000eb000000)
  from space 4096K, 100% used [0x00000000eb500000,0x00000000eb900000,0x00000000eb900000)
  to   space 4608K, 0% used [0x00000000eb000000,0x00000000eb000000,0x00000000eb480000)
 ParOldGen       total 92160K, used 85322K [0x00000000c0000000, 0x00000000c5a00000, 0x00000000eab00000)
  object space 92160K, 92% used [0x00000000c0000000,0x00000000c5352a40,0x00000000c5a00000)
 Metaspace       used 60438K, capacity 63754K, committed 64088K, reserved 1105920K
  class space    used 5941K, capacity 7186K, committed 7296K, reserved 1048576K
}
Event: 883,831 GC heap before
{Heap before GC invocations=187 (full 10):
 PSYoungGen      total 9216K, used 9216K [0x00000000eab00000, 0x00000000eb900000, 0x0000000100000000)
  eden space 5120K, 100% used [0x00000000eab00000,0x00000000eb000000,0x00000000eb000000)
  from space 4096K, 100% used [0x00000000eb500000,0x00000000eb900000,0x00000000eb900000)
  to   space 4608K, 0% used [0x00000000eb000000,0x00000000eb000000,0x00000000eb480000)
 ParOldGen       total 92160K, used 85322K [0x00000000c0000000, 0x00000000c5a00000, 0x00000000eab00000)
  object space 92160K, 92% used [0x00000000c0000000,0x00000000c5352a40,0x00000000c5a00000)
 Metaspace       used 60447K, capacity 63754K, committed 64088K, reserved 1105920K
  class space    used 5941K, capacity 7186K, committed 7296K, reserved 1048576K
}
Event: 883,844 GC heap after
{Heap after GC invocations=187 (full 10):
 PSYoungGen      total 6656K, used 1405K [0x00000000eab00000, 0x00000000eb580000, 0x0000000100000000)
  eden space 5120K, 0% used [0x00000000eab00000,0x00000000eab00000,0x00000000eb000000)
  from space 1536K, 91% used [0x00000000eb000000,0x00000000eb15f620,0x00000000eb180000)
  to   space 2560K, 0% used [0x00000000eb300000,0x00000000eb300000,0x00000000eb580000)
 ParOldGen       total 92160K, used 89418K [0x00000000c0000000, 0x00000000c5a00000, 0x00000000eab00000)
  object space 92160K, 97% used [0x00000000c0000000,0x00000000c5752a40,0x00000000c5a00000)
 Metaspace       used 60447K, capacity 63754K, committed 64088K, reserved 1105920K
  class space    used 5941K, capacity 7186K, committed 7296K, reserved 1048576K
}
Event: 883,844 GC heap before
{Heap before GC invocations=188 (full 11):
 PSYoungGen      total 6656K, used 1405K [0x00000000eab00000, 0x00000000eb580000, 0x0000000100000000)
  eden space 5120K, 0% used [0x00000000eab00000,0x00000000eab00000,0x00000000eb000000)
  from space 1536K, 91% used [0x00000000eb000000,0x00000000eb15f620,0x00000000eb180000)
  to   space 2560K, 0% used [0x00000000eb300000,0x00000000eb300000,0x00000000eb580000)
 ParOldGen       total 92160K, used 89418K [0x00000000c0000000, 0x00000000c5a00000, 0x00000000eab00000)
  object space 92160K, 97% used [0x00000000c0000000,0x00000000c5752a40,0x00000000c5a00000)
 Metaspace       used 60447K, capacity 63754K, committed 64088K, reserved 1105920K
  class space    used 5941K, capacity 7186K, committed 7296K, reserved 1048576K
}
Event: 884,079 GC heap after
{Heap after GC invocations=188 (full 11):
 PSYoungGen      total 7168K, used 0K [0x00000000eab00000, 0x00000000eb500000, 0x0000000100000000)
  eden space 5120K, 0% used [0x00000000eab00000,0x00000000eab00000,0x00000000eb000000)
  from space 2048K, 0% used [0x00000000eb300000,0x00000000eb300000,0x00000000eb500000)
  to   space 2560K, 0% used [0x00000000eb000000,0x00000000eb000000,0x00000000eb280000)
 ParOldGen       total 84480K, used 58593K [0x00000000c0000000, 0x00000000c5280000, 0x00000000eab00000)
  object space 84480K, 69% used [0x00000000c0000000,0x00000000c3938540,0x00000000c5280000)
 Metaspace       used 60447K, capacity 63754K, committed 64088K, reserved 1105920K
  class space    used 5941K, capacity 7186K, committed 7296K, reserved 1048576K
}
Event: 884,124 GC heap before
{Heap before GC invocations=189 (full 11):
 PSYoungGen      total 7168K, used 5120K [0x00000000eab00000, 0x00000000eb500000, 0x0000000100000000)
  eden space 5120K, 100% used [0x00000000eab00000,0x00000000eb000000,0x00000000eb000000)
  from space 2048K, 0% used [0x00000000eb300000,0x00000000eb300000,0x00000000eb500000)
  to   space 2560K, 0% used [0x00000000eb000000,0x00000000eb000000,0x00000000eb280000)
 ParOldGen       total 84480K, used 58593K [0x00000000c0000000, 0x00000000c5280000, 0x00000000eab00000)
  object space 84480K, 69% used [0x00000000c0000000,0x00000000c3938540,0x00000000c5280000)
 Metaspace       used 60455K, capacity 63755K, committed 64088K, reserved 1105920K
  class space    used 5941K, capacity 7186K, committed 7296K, reserved 1048576K
}
Event: 884,130 GC heap after
{Heap after GC invocations=189 (full 11):
 PSYoungGen      total 7680K, used 2424K [0x00000000eab00000, 0x00000000eb600000, 0x0000000100000000)
  eden space 5120K, 0% used [0x00000000eab00000,0x00000000eab00000,0x00000000eb000000)
  from space 2560K, 94% used [0x00000000eb000000,0x00000000eb25e050,0x00000000eb280000)
  to   space 3072K, 0% used [0x00000000eb300000,0x00000000eb300000,0x00000000eb600000)
 ParOldGen       total 84480K, used 58593K [0x00000000c0000000, 0x00000000c5280000, 0x00000000eab00000)
  object space 84480K, 69% used [0x00000000c0000000,0x00000000c3938540,0x00000000c5280000)
 Metaspace       used 60455K, capacity 63755K, committed 64088K, reserved 1105920K
  class space    used 5941K, capacity 7186K, committed 7296K, reserved 1048576K
}
Event: 884,160 GC heap before
{Heap before GC invocations=190 (full 11):
 PSYoungGen      total 7680K, used 7544K [0x00000000eab00000, 0x00000000eb600000, 0x0000000100000000)
  eden space 5120K, 100% used [0x00000000eab00000,0x00000000eb000000,0x00000000eb000000)
  from space 2560K, 94% used [0x00000000eb000000,0x00000000eb25e050,0x00000000eb280000)
  to   space 3072K, 0% used [0x00000000eb300000,0x00000000eb300000,0x00000000eb600000)
 ParOldGen       total 84480K, used 58593K [0x00000000c0000000, 0x00000000c5280000, 0x00000000eab00000)
  object space 84480K, 69% used [0x00000000c0000000,0x00000000c3938540,0x00000000c5280000)
 Metaspace       used 60455K, capacity 63755K, committed 64088K, reserved 1105920K
  class space    used 5941K, capacity 7186K, committed 7296K, reserved 1048576K
}
Event: 884,167 GC heap after
{Heap after GC invocations=190 (full 11):
 PSYoungGen      total 7168K, used 1967K [0x00000000eab00000, 0x00000000eb500000, 0x0000000100000000)
  eden space 5120K, 0% used [0x00000000eab00000,0x00000000eab00000,0x00000000eb000000)
  from space 2048K, 96% used [0x00000000eb300000,0x00000000eb4ebc60,0x00000000eb500000)
  to   space 2560K, 0% used [0x00000000eb000000,0x00000000eb000000,0x00000000eb280000)
 ParOldGen       total 84480K, used 59670K [0x00000000c0000000, 0x00000000c5280000, 0x00000000eab00000)
  object space 84480K, 70% used [0x00000000c0000000,0x00000000c3a45b30,0x00000000c5280000)
 Metaspace       used 60455K, capacity 63755K, committed 64088K, reserved 1105920K
  class space    used 5941K, capacity 7186K, committed 7296K, reserved 1048576K
}

