# JRE version: OpenJDK Runtime Environment (11.0.11+9) (build 11.0.11+9-Ubuntu-0ubuntu2.20.04)
# Java VM: OpenJDK 64-Bit Server VM (11.0.11+9-Ubuntu-0ubuntu2.20.04, mixed mode, sharing, tiered, compressed oops, g1 gc, linux-amd64)
Heap:
 garbage-first heap   total 126976K, used 58964K [0x0000000086a00000, 0x0000000100000000)
  region size 1024K, 36 young (36864K), 3 survivors (3072K)
 Metaspace       used 32894K, capacity 34100K, committed 34176K, reserved 1079296K
  class space    used 4238K, capacity 4711K, committed 4736K, reserved 1048576K
GC Heap History (10 events):
Event: 17,195 GC heap before
{Heap before GC invocations=0 (full 0):
 garbage-first heap   total 126976K, used 14024K [0x0000000086a00000, 0x0000000100000000)
  region size 1024K, 14 young (14336K), 0 survivors (0K)
 Metaspace       used 2895K, capacity 6244K, committed 6400K, reserved 1056768K
  class space    used 370K, capacity 656K, committed 768K, reserved 1048576K
}
Event: 17,211 GC heap after
{Heap after GC invocations=1 (full 0):
 garbage-first heap   total 126976K, used 4662K [0x0000000086a00000, 0x0000000100000000)
  region size 1024K, 2 young (2048K), 2 survivors (2048K)
 Metaspace       used 2895K, capacity 6244K, committed 6400K, reserved 1056768K
  class space    used 370K, capacity 656K, committed 768K, reserved 1048576K
}
Event: 32,745 GC heap before
{Heap before GC invocations=1 (full 0):
 garbage-first heap   total 126976K, used 77366K [0x0000000086a00000, 0x0000000100000000)
  region size 1024K, 73 young (74752K), 2 survivors (2048K)
 Metaspace       used 16365K, capacity 16986K, committed 17152K, reserved 1064960K
  class space    used 2218K, capacity 2487K, committed 2560K, reserved 1048576K
}
Event: 32,767 GC heap after
{Heap after GC invocations=2 (full 0):
 garbage-first heap   total 126976K, used 10041K [0x0000000086a00000, 0x0000000100000000)
  region size 1024K, 8 young (8192K), 8 survivors (8192K)
 Metaspace       used 16365K, capacity 16986K, committed 17152K, reserved 1064960K
  class space    used 2218K, capacity 2487K, committed 2560K, reserved 1048576K
}
Event: 34,026 GC heap before
{Heap before GC invocations=2 (full 0):
 garbage-first heap   total 126976K, used 39737K [0x0000000086a00000, 0x0000000100000000)
  region size 1024K, 39 young (39936K), 8 survivors (8192K)
 Metaspace       used 20506K, capacity 21222K, committed 21296K, reserved 1067008K
  class space    used 2833K, capacity 3153K, committed 3200K, reserved 1048576K
}
Event: 34,049 GC heap after
{Heap after GC invocations=3 (full 0):
 garbage-first heap   total 126976K, used 13006K [0x0000000086a00000, 0x0000000100000000)
  region size 1024K, 4 young (4096K), 4 survivors (4096K)
 Metaspace       used 20506K, capacity 21222K, committed 21296K, reserved 1067008K
  class space    used 2833K, capacity 3153K, committed 3200K, reserved 1048576K
}
Event: 40,931 GC heap before
{Heap before GC invocations=4 (full 0):
 garbage-first heap   total 126976K, used 77518K [0x0000000086a00000, 0x0000000100000000)
  region size 1024K, 67 young (68608K), 4 survivors (4096K)
 Metaspace       used 28007K, capacity 29108K, committed 29312K, reserved 1075200K
  class space    used 3686K, capacity 4145K, committed 4224K, reserved 1048576K
}
Event: 40,948 GC heap after
{Heap after GC invocations=5 (full 0):
 garbage-first heap   total 126976K, used 23179K [0x0000000086a00000, 0x0000000100000000)
  region size 1024K, 9 young (9216K), 9 survivors (9216K)
 Metaspace       used 28007K, capacity 29108K, committed 29312K, reserved 1075200K
  class space    used 3686K, capacity 4145K, committed 4224K, reserved 1048576K
}
Event: 670,535 GC heap before
{Heap before GC invocations=5 (full 0):
 garbage-first heap   total 126976K, used 85643K [0x0000000086a00000, 0x0000000100000000)
  region size 1024K, 70 young (71680K), 9 survivors (9216K)
 Metaspace       used 32847K, capacity 34032K, committed 34176K, reserved 1079296K
  class space    used 4236K, capacity 4710K, committed 4736K, reserved 1048576K
}
Event: 670,570 GC heap after
{Heap after GC invocations=6 (full 0):
 garbage-first heap   total 126976K, used 26196K [0x0000000086a00000, 0x0000000100000000)
  region size 1024K, 3 young (3072K), 3 survivors (3072K)
 Metaspace       used 32847K, capacity 34032K, committed 34176K, reserved 1079296K
  class space    used 4236K, capacity 4710K, committed 4736K, reserved 1048576K
}

